30/05/2025 11:08:01	insert into classement set date = :date, titre = :titre, fichier = :fichier : SQLSTATE[45000]: <<Unknown error>>: 1644 L'URI du fichier PDF n'est pas valide :la bibliotheque fonction.js.pdf	/ajax/ajouter.php	::1
26/09/2025 13:42:11	Le fichier structure.json est invalide.	/index.php	::1
26/09/2025 13:42:11	Le fichier structure.json est invalide.	/index.php	::1
26/09/2025 13:44:16	Le fichier structure.json est invalide.	/index.php	::1
26/09/2025 13:44:16	Le fichier structure.json est invalide.	/index.php	::1
26/09/2025 13:44:17	Le fichier structure.json est invalide.	/index.php	::1
26/09/2025 13:44:17	Le fichier structure.json est invalide.	/index.php	::1
26/09/2025 13:44:17	Le fichier structure.json est invalide.	/index.php	::1
26/09/2025 13:44:17	Le fichier structure.json est invalide.	/index.php	::1
26/09/2025 13:44:17	Le fichier structure.json est invalide.	/index.php	::1
26/09/2025 13:44:17	Le fichier structure.json est invalide.	/index.php	::1
26/09/2025 13:44:17	Le fichier structure.json est invalide.	/index.php	::1
26/09/2025 13:44:17	Le fichier structure.json est invalide.	/index.php	::1
26/09/2025 13:44:18	Le fichier structure.json est invalide.	/index.php	::1
26/09/2025 13:44:18	Le fichier structure.json est invalide.	/index.php	::1
26/09/2025 13:44:18	Le fichier structure.json est invalide.	/index.php	::1
26/09/2025 13:44:18	Le fichier structure.json est invalide.	/index.php	::1
26/09/2025 13:44:18	Le fichier structure.json est invalide.	/index.php	::1
26/09/2025 13:44:18	Le fichier structure.json est invalide.	/index.php	::1
26/09/2025 13:44:18	Le fichier structure.json est invalide.	/index.php	::1
26/09/2025 13:44:18	Le fichier structure.json est invalide.	/index.php	::1
26/09/2025 13:44:18	Le fichier structure.json est invalide.	/index.php	::1
26/09/2025 13:44:18	Le fichier structure.json est invalide.	/index.php	::1
26/09/2025 13:44:19	Le fichier structure.json est invalide.	/index.php	::1
26/09/2025 13:44:19	Le fichier structure.json est invalide.	/index.php	::1
26/09/2025 13:44:19	Le fichier structure.json est invalide.	/index.php	::1
26/09/2025 13:44:19	Le fichier structure.json est invalide.	/index.php	::1
26/09/2025 13:44:20	Le fichier structure.json est invalide.	/index.php	::1
26/09/2025 13:44:20	Le fichier structure.json est invalide.	/index.php	::1
26/09/2025 13:44:20	Le fichier structure.json est invalide.	/index.php	::1
26/09/2025 13:44:20	Le fichier structure.json est invalide.	/index.php	::1
26/09/2025 13:44:20	Le fichier structure.json est invalide.	/index.php	::1
26/09/2025 13:44:20	Le fichier structure.json est invalide.	/index.php	::1
26/09/2025 13:44:20	Le fichier structure.json est invalide.	/index.php	::1
26/09/2025 13:44:20	Le fichier structure.json est invalide.	/index.php	::1
26/09/2025 13:44:20	Le fichier structure.json est invalide.	/index.php	::1
26/09/2025 13:44:20	Le fichier structure.json est invalide.	/index.php	::1
26/09/2025 13:44:20	Le fichier structure.json est invalide.	/index.php	::1
26/09/2025 13:44:20	Le fichier structure.json est invalide.	/index.php	::1
26/09/2025 13:44:21	Le fichier structure.json est invalide.	/index.php	::1
26/09/2025 13:44:21	Le fichier structure.json est invalide.	/index.php	::1
26/09/2025 13:44:21	Le fichier structure.json est invalide.	/index.php	::1
26/09/2025 13:44:21	Le fichier structure.json est invalide.	/index.php	::1
26/09/2025 13:44:21	Le fichier structure.json est invalide.	/index.php	::1
26/09/2025 13:44:21	Le fichier structure.json est invalide.	/index.php	::1
26/09/2025 13:44:21	Le fichier structure.json est invalide.	/index.php	::1
26/09/2025 13:44:21	Le fichier structure.json est invalide.	/index.php	::1
26/09/2025 13:44:21	Le fichier structure.json est invalide.	/index.php	::1
26/09/2025 13:44:21	Le fichier structure.json est invalide.	/index.php	::1
26/09/2025 13:44:22	Le fichier structure.json est invalide.	/index.php	::1
26/09/2025 13:44:22	Le fichier structure.json est invalide.	/index.php	::1
26/09/2025 13:44:22	Le fichier structure.json est invalide.	/index.php	::1
26/09/2025 13:44:22	Le fichier structure.json est invalide.	/index.php	::1
26/09/2025 13:44:22	Le fichier structure.json est invalide.	/index.php	::1
26/09/2025 13:44:22	Le fichier structure.json est invalide.	/index.php	::1
26/09/2025 13:44:22	Le fichier structure.json est invalide.	/index.php	::1
26/09/2025 13:44:22	Le fichier structure.json est invalide.	/index.php	::1
26/09/2025 13:44:22	Le fichier structure.json est invalide.	/index.php	::1
26/09/2025 13:44:22	Le fichier structure.json est invalide.	/index.php	::1
26/09/2025 13:44:23	Le fichier structure.json est invalide.	/index.php	::1
26/09/2025 13:44:23	Le fichier structure.json est invalide.	/index.php	::1
26/09/2025 13:44:23	Le fichier structure.json est invalide.	/index.php	::1
26/09/2025 13:44:23	Le fichier structure.json est invalide.	/index.php	::1
26/09/2025 13:44:23	Le fichier structure.json est invalide.	/index.php	::1
26/09/2025 13:44:23	Le fichier structure.json est invalide.	/index.php	::1
26/09/2025 13:44:24	Le fichier structure.json est invalide.	/index.php	::1
26/09/2025 13:44:24	Le fichier structure.json est invalide.	/index.php	::1
26/09/2025 13:44:24	Le fichier structure.json est invalide.	/index.php	::1
26/09/2025 13:44:24	Le fichier structure.json est invalide.	/index.php	::1
26/09/2025 13:44:25	Le fichier structure.json est invalide.	/index.php	::1
26/09/2025 13:44:25	Le fichier structure.json est invalide.	/index.php	::1
26/09/2025 13:44:25	Le fichier structure.json est invalide.	/index.php	::1
26/09/2025 13:44:25	Le fichier structure.json est invalide.	/index.php	::1
26/09/2025 13:44:25	Le fichier structure.json est invalide.	/index.php	::1
26/09/2025 13:44:25	Le fichier structure.json est invalide.	/index.php	::1
26/09/2025 13:44:26	Le fichier structure.json est invalide.	/index.php	::1
26/09/2025 13:44:26	Le fichier structure.json est invalide.	/index.php	::1
26/09/2025 13:44:26	Le fichier structure.json est invalide.	/index.php	::1
26/09/2025 13:44:26	Le fichier structure.json est invalide.	/index.php	::1
26/09/2025 13:44:27	Le fichier structure.json est invalide.	/index.php	::1
26/09/2025 13:44:27	Le fichier structure.json est invalide.	/index.php	::1
26/09/2025 13:44:27	Le fichier structure.json est invalide.	/index.php	::1
26/09/2025 13:44:27	Le fichier structure.json est invalide.	/index.php	::1
26/09/2025 13:46:33	Le fichier structure.json est invalide.	/index.php	::1
26/09/2025 13:46:33	Le fichier structure.json est invalide.	/index.php	::1
26/09/2025 13:46:34	Le fichier structure.json est invalide.	/index.php	::1
26/09/2025 13:46:34	Le fichier structure.json est invalide.	/index.php	::1
26/09/2025 13:46:34	Le fichier structure.json est invalide.	/index.php	::1
26/09/2025 13:46:34	Le fichier structure.json est invalide.	/index.php	::1
26/09/2025 13:46:34	Le fichier structure.json est invalide.	/index.php	::1
26/09/2025 13:46:34	Le fichier structure.json est invalide.	/index.php	::1
26/09/2025 13:46:45	Le fichier structure.json est invalide.	/index.php	::1
26/09/2025 13:46:45	Le fichier structure.json est invalide.	/index.php	::1
26/09/2025 13:46:59	Le fichier structure.json est invalide.	/index.php	::1
26/09/2025 13:46:59	Le fichier structure.json est invalide.	/index.php	::1
26/09/2025 13:49:37	Le fichier structure.json est invalide.	/index.php	::1
26/09/2025 13:49:37	Le fichier structure.json est invalide.	/index.php	::1
26/09/2025 15:16:11	insert into fonction set repertoire = :repertoire, nom = :nom : SQLSTATE[23000]: Integrity constraint violation: 1062 Duplicata du champ 'classement' pour la clef 'fonction.PRIMARY'	/ajax/ajouter.php	::1
10/10/2025 15:40:22	Erreur SQL : SQLSTATE[42S22]: Column not found: 1054 Champ 'rang' inconnu dans field list	/administration/document/index.php	::1
10/10/2025 15:40:22	Erreur SQL : SQLSTATE[42S22]: Column not found: 1054 Champ 'rang' inconnu dans field list	/administration/document/index.php	::1
10/10/2025 15:40:28	Erreur SQL : SQLSTATE[42S22]: Column not found: 1054 Champ 'rang' inconnu dans field list	/administration/document/index.php	::1
10/10/2025 15:40:28	Erreur SQL : SQLSTATE[42S22]: Column not found: 1054 Champ 'rang' inconnu dans field list	/administration/document/index.php	::1
10/10/2025 16:25:35	Erreur SQL : SQLSTATE[42S22]: Column not found: 1054 Champ 'rang' inconnu dans field list	/administration/document/index.php	::1
10/10/2025 16:25:35	Erreur SQL : SQLSTATE[42S22]: Column not found: 1054 Champ 'rang' inconnu dans field list	/administration/document/index.php	::1
10/10/2025 16:34:15	Erreur SQL : SQLSTATE[42S22]: Column not found: 1054 Champ 'rang' inconnu dans field list	/administration/document/index.php	::1
10/10/2025 16:34:15	Erreur SQL : SQLSTATE[42S22]: Column not found: 1054 Champ 'rang' inconnu dans field list	/administration/document/index.php	::1
17/10/2025 14:09:55	Erreur SQL : SQLSTATE[42S22]: Column not found: 1054 Champ 'rang' inconnu dans field list	/administration/document/index.php	::1
17/10/2025 14:09:55	Erreur SQL : SQLSTATE[42S22]: Column not found: 1054 Champ 'rang' inconnu dans field list	/administration/document/index.php	::1
17/10/2025 14:11:11	Erreur SQL : SQLSTATE[42S02]: Base table or view not found: 1146 La table 'ppe.administrateur' n'existe pas	/administration/index.php	::1
17/10/2025 14:11:11	Erreur SQL : SQLSTATE[42S02]: Base table or view not found: 1146 La table 'ppe.administrateur' n'existe pas	/administration/index.php	::1
17/10/2025 14:11:43	Erreur SQL : SQLSTATE[42S02]: Base table or view not found: 1146 La table 'ppe.classement' n'existe pas	/index.php	::1
17/10/2025 14:11:43	Erreur SQL : SQLSTATE[42S02]: Base table or view not found: 1146 La table 'ppe.classement' n'existe pas	/index.php	::1
17/10/2025 14:11:44	Erreur SQL : SQLSTATE[42S02]: Base table or view not found: 1146 La table 'ppe.membre' n'existe pas	/membre/profil/index.php	::1
17/10/2025 14:11:44	Erreur SQL : SQLSTATE[42S02]: Base table or view not found: 1146 La table 'ppe.membre' n'existe pas	/membre/profil/index.php	::1
17/10/2025 14:11:45	Erreur SQL : SQLSTATE[42S02]: Base table or view not found: 1146 La table 'ppe.administrateur' n'existe pas	/administration/photoinformation/index.php	::1
17/10/2025 14:11:45	Erreur SQL : SQLSTATE[42S02]: Base table or view not found: 1146 La table 'ppe.administrateur' n'existe pas	/administration/photoinformation/index.php	::1
17/10/2025 14:11:45	Erreur SQL : SQLSTATE[42S02]: Base table or view not found: 1146 La table 'ppe.administrateur' n'existe pas	/administration/index.php	::1
17/10/2025 14:11:45	Erreur SQL : SQLSTATE[42S02]: Base table or view not found: 1146 La table 'ppe.administrateur' n'existe pas	/administration/index.php	::1
17/10/2025 14:11:45	Erreur SQL : SQLSTATE[42S02]: Base table or view not found: 1146 La table 'ppe.membre' n'existe pas	/membre/photo/index.php	::1
17/10/2025 14:11:45	Erreur SQL : SQLSTATE[42S02]: Base table or view not found: 1146 La table 'ppe.membre' n'existe pas	/membre/photo/index.php	::1
17/10/2025 14:11:46	Erreur SQL : SQLSTATE[42S02]: Base table or view not found: 1146 La table 'ppe.membre' n'existe pas	/membre/profil/index.php	::1
17/10/2025 14:11:46	Erreur SQL : SQLSTATE[42S02]: Base table or view not found: 1146 La table 'ppe.membre' n'existe pas	/membre/profil/index.php	::1
17/10/2025 14:11:49	Erreur SQL : SQLSTATE[42S02]: Base table or view not found: 1146 La table 'ppe.classement' n'existe pas	/index.php	::1
17/10/2025 14:11:49	Erreur SQL : SQLSTATE[42S02]: Base table or view not found: 1146 La table 'ppe.classement' n'existe pas	/index.php	::1
17/10/2025 14:11:53	Erreur SQL : SQLSTATE[42S02]: Base table or view not found: 1146 La table 'ppe.classement' n'existe pas	/index.php	::1
17/10/2025 14:11:53	Erreur SQL : SQLSTATE[42S02]: Base table or view not found: 1146 La table 'ppe.classement' n'existe pas	/index.php	::1
17/10/2025 14:11:54	Erreur SQL : SQLSTATE[42S02]: Base table or view not found: 1146 La table 'ppe.classement' n'existe pas	/index.php	::1
17/10/2025 14:11:54	Erreur SQL : SQLSTATE[42S02]: Base table or view not found: 1146 La table 'ppe.classement' n'existe pas	/index.php	::1
17/10/2025 14:11:54	Erreur SQL : SQLSTATE[42S02]: Base table or view not found: 1146 La table 'ppe.classement' n'existe pas	/index.php	::1
17/10/2025 14:11:54	Erreur SQL : SQLSTATE[42S02]: Base table or view not found: 1146 La table 'ppe.classement' n'existe pas	/index.php	::1
17/10/2025 14:11:54	Erreur SQL : SQLSTATE[42S02]: Base table or view not found: 1146 La table 'ppe.classement' n'existe pas	/index.php	::1
17/10/2025 14:11:54	Erreur SQL : SQLSTATE[42S02]: Base table or view not found: 1146 La table 'ppe.classement' n'existe pas	/index.php	::1
17/10/2025 14:11:54	Erreur SQL : SQLSTATE[42S02]: Base table or view not found: 1146 La table 'ppe.classement' n'existe pas	/index.php	::1
17/10/2025 14:11:54	Erreur SQL : SQLSTATE[42S02]: Base table or view not found: 1146 La table 'ppe.classement' n'existe pas	/index.php	::1
17/10/2025 14:11:55	Erreur SQL : SQLSTATE[42S02]: Base table or view not found: 1146 La table 'ppe.classement' n'existe pas	/index.php	::1
17/10/2025 14:11:55	Erreur SQL : SQLSTATE[42S02]: Base table or view not found: 1146 La table 'ppe.classement' n'existe pas	/index.php	::1
17/10/2025 14:11:55	Erreur SQL : SQLSTATE[42S02]: Base table or view not found: 1146 La table 'ppe.classement' n'existe pas	/index.php	::1
17/10/2025 14:11:55	Erreur SQL : SQLSTATE[42S02]: Base table or view not found: 1146 La table 'ppe.classement' n'existe pas	/index.php	::1
17/10/2025 14:11:55	Erreur SQL : SQLSTATE[42S02]: Base table or view not found: 1146 La table 'ppe.classement' n'existe pas	/index.php	::1
17/10/2025 14:11:55	Erreur SQL : SQLSTATE[42S02]: Base table or view not found: 1146 La table 'ppe.classement' n'existe pas	/index.php	::1
17/10/2025 14:11:55	Erreur SQL : SQLSTATE[42S02]: Base table or view not found: 1146 La table 'ppe.classement' n'existe pas	/index.php	::1
17/10/2025 14:11:55	Erreur SQL : SQLSTATE[42S02]: Base table or view not found: 1146 La table 'ppe.classement' n'existe pas	/index.php	::1
17/10/2025 14:11:55	Erreur SQL : SQLSTATE[42S02]: Base table or view not found: 1146 La table 'ppe.classement' n'existe pas	/index.php	::1
17/10/2025 14:11:55	Erreur SQL : SQLSTATE[42S02]: Base table or view not found: 1146 La table 'ppe.classement' n'existe pas	/index.php	::1
17/10/2025 14:30:29	Erreur SQL : SQLSTATE[42S02]: Base table or view not found: 1146 La table 'ppe.classement' n'existe pas	/index.php	::1
17/10/2025 14:30:29	Erreur SQL : SQLSTATE[42S02]: Base table or view not found: 1146 La table 'ppe.classement' n'existe pas	/index.php	::1
17/10/2025 14:30:32	Erreur SQL : SQLSTATE[42S02]: Base table or view not found: 1146 La table 'ppe.classement' n'existe pas	/index.php	::1
17/10/2025 14:30:32	Erreur SQL : SQLSTATE[42S02]: Base table or view not found: 1146 La table 'ppe.classement' n'existe pas	/index.php	::1
17/10/2025 14:33:54	Erreur SQL : SQLSTATE[42S02]: Base table or view not found: 1146 La table 'ppe.document' n'existe pas	/administration/document/index.php	::1
17/10/2025 14:33:54	Erreur SQL : SQLSTATE[42S02]: Base table or view not found: 1146 La table 'ppe.document' n'existe pas	/administration/document/index.php	::1
17/10/2025 14:33:59	Erreur SQL : SQLSTATE[42S02]: Base table or view not found: 1146 La table 'ppe.document' n'existe pas	/administration/document/index.php	::1
17/10/2025 14:33:59	Erreur SQL : SQLSTATE[42S02]: Base table or view not found: 1146 La table 'ppe.document' n'existe pas	/administration/document/index.php	::1
17/10/2025 14:34:30	Erreur SQL : SQLSTATE[42S22]: Column not found: 1054 Champ 'rang' inconnu dans field list	/administration/document/index.php	::1
17/10/2025 14:34:30	Erreur SQL : SQLSTATE[42S22]: Column not found: 1054 Champ 'rang' inconnu dans field list	/administration/document/index.php	::1
14/11/2025 13:34:32	Erreur SQL : SQLSTATE[42S22]: Column not found: 1054 Champ 'date' inconnu dans field list	/administration/document/index.php	::1
14/11/2025 13:34:32	Erreur SQL : SQLSTATE[42S22]: Column not found: 1054 Champ 'date' inconnu dans field list	/administration/document/index.php	::1
14/11/2025 13:34:54	Erreur SQL : SQLSTATE[42S22]: Column not found: 1054 Champ 'date' inconnu dans field list	/administration/document/index.php	::1
14/11/2025 13:34:54	Erreur SQL : SQLSTATE[42S22]: Column not found: 1054 Champ 'date' inconnu dans field list	/administration/document/index.php	::1
14/11/2025 16:39:13	Erreur SQL : SQLSTATE[HY093]: Invalid parameter number	/index.php	::1
14/11/2025 16:39:13	Erreur SQL : SQLSTATE[HY093]: Invalid parameter number	/index.php	::1
14/11/2025 16:42:15	Erreur SQL : SQLSTATE[HY093]: Invalid parameter number	/index.php	::1
14/11/2025 16:42:15	Erreur SQL : SQLSTATE[HY093]: Invalid parameter number	/index.php	::1
05/12/2025 13:40:01	Erreur SQL : SQLSTATE[42S02]: Base table or view not found: 1146 La table 'ppe.document' n'existe pas	/index.php	::1
05/12/2025 13:40:01	Erreur SQL : SQLSTATE[42S02]: Base table or view not found: 1146 La table 'ppe.document' n'existe pas	/index.php	::1
05/12/2025 13:40:35	Erreur SQL : SQLSTATE[42S02]: Base table or view not found: 1146 La table 'ppe.document' n'existe pas	/index.php	::1
05/12/2025 13:40:35	Erreur SQL : SQLSTATE[42S02]: Base table or view not found: 1146 La table 'ppe.document' n'existe pas	/index.php	::1
05/12/2025 13:41:05	Erreur SQL : SQLSTATE[42S02]: Base table or view not found: 1146 La table 'ppe.document' n'existe pas	/index.php	::1
05/12/2025 13:41:05	Erreur SQL : SQLSTATE[42S02]: Base table or view not found: 1146 La table 'ppe.document' n'existe pas	/index.php	::1
05/12/2025 13:41:07	Erreur SQL : SQLSTATE[42S02]: Base table or view not found: 1146 La table 'ppe.document' n'existe pas	/index.php	::1
05/12/2025 13:41:07	Erreur SQL : SQLSTATE[42S02]: Base table or view not found: 1146 La table 'ppe.document' n'existe pas	/index.php	::1
05/12/2025 13:42:04	Erreur SQL : SQLSTATE[42S02]: Base table or view not found: 1146 La table 'ppe.document' n'existe pas	/index.php	::1
05/12/2025 13:42:04	Erreur SQL : SQLSTATE[42S02]: Base table or view not found: 1146 La table 'ppe.document' n'existe pas	/index.php	::1
